PLINK v1.90b6.12 64-bit (28 Oct 2019)
Options in effect:
  --allow-extra-chr
  --file myfile
  --out myfile
  --recode A

Hostname: GABRIELE
Working directory: C:\Users\gnocc\Desktop\Projects\shiny
Start time: Fri Mar 21 15:40:53 2025

Random number seed: 1742568053
15693 MB RAM detected; reserving 7846 MB for main workspace.
Scanning .ped file... done.
Performing single-pass .bed write (1000 variants, 71 people).
--file: myfile-temporary.bed + myfile-temporary.bim + myfile-temporary.fam
written.
1000 variants loaded from .bim file.
71 people (0 males, 0 females, 71 ambiguous) loaded from .fam.
Ambiguous sex IDs written to myfile.nosex .
Using 1 thread (no multithreaded calculations invoked).
Before main variant filters, 71 founders and 0 nonfounders present.
Calculating allele frequencies... done.
1000 variants and 71 people pass filters and QC.
Note: No phenotypes present.
--recode A to myfile.raw ... done.

End time: Fri Mar 21 15:40:53 2025
